<?xml version="1.0" encoding="UTF-8"?>
<!-- Generated by org.testng.reporters.JUnitXMLReporter -->
<testsuite hostname="pruebaswin10" ignored="0" name="Test" tests="3" failures="1" timestamp="23 dic 2016 16:18:13 GMT" time="32.25" errors="0">
  <testcase name="validarMenu" time="6.922" classname="scripts.PrimeFaces"/>
  <testcase name="clicMenuInput" time="2.167" classname="scripts.PrimeFaces"/>
  <testcase name="clicMenuInputEditor" time="0.323" classname="scripts.PrimeFaces">
    <failure type="java.lang.AssertionError" message="No se encontró el menú Ajax Core">
      <![CDATA[java.lang.AssertionError: No se encontró el menú Ajax Core
	at scripts.PrimeFaces.clicMenuInputEditor(PrimeFaces.java:65)
... Removed 26 stack frames]]>
    </failure>
  </testcase> <!-- clicMenuInputEditor -->
</testsuite> <!-- Test -->
